<?xml version="1.0" encoding="UTF-8"?>
<!-- Generated by org.testng.reporters.JUnitXMLReporter -->
<testsuite hostname="DESKTOP-LJ046SQ" ignored="0" name="Asserts" tests="2" failures="1" timestamp="19 Jun 2020 08:20:18 GMT" time="6.782" errors="0">
  <testcase name="OpenBrowser" time="6.462" classname="examples.SoftAssertClass">
    <failure type="java.lang.AssertionError" message="The following asserts failed:
	expected [Free QA Automation Tools For Everyone] but found [www.demoqa.com],
	expected [ToolsQA – Demo Website to Practice Automation – Demo Website to Practice Automation] but found [www.demoqa.com]">
      <![CDATA[java.lang.AssertionError: The following asserts failed:
expected [Free QA Automation Tools For Everyone] but found [www.demoqa.com],
expected [ToolsQA – Demo Website to Practice Automation – Demo Website to Practice Automation] but found [www.demoqa.com]
at examples.SoftAssertClass.OpenBrowser(SoftAssertClass.java:34)
... Removed 26 stack frames]]>
    </failure>
  </testcase> <!-- OpenBrowser -->
  <testcase name="CloseBrowser" time="0.26" classname="examples.SoftAssertClass"/>
</testsuite> <!-- Asserts -->
