<?xml version="1.0" encoding="UTF-8"?>
<!-- Generated by org.testng.reporters.JUnitXMLReporter -->
<testsuite hostname="DESKTOP-LJ046SQ" ignored="0" name="Dataprovider" tests="10" failures="0" timestamp="18 Jun 2020 09:30:43 GMT" time="0.141" errors="0">
  <testcase name="Diff" time="0.016" classname="examples.DataProviders"/>
  <testcase name="Diff" time="0.0" classname="examples.DataProviders"/>
  <testcase name="Sum" time="0.0" classname="examples.DataProviders"/>
  <testcase name="Sum" time="0.0" classname="examples.DataProviders"/>
  <testcase name="myTest" time="0.0" classname="examples.DataProviders"/>
  <testcase name="myTest" time="0.016" classname="examples.DataProviders"/>
  <testcase name="myTest" time="0.0" classname="examples.DP"/>
  <testcase name="myTest" time="0.0" classname="examples.DP"/>
  <testcase name="myTest" time="0.0" classname="examples.DP"/>
  <testcase name="myTest" time="0.016" classname="examples.DP"/>
</testsuite> <!-- Dataprovider -->
