<?xml version="1.0" encoding="UTF-8"?>
<!-- Generated by org.testng.reporters.JUnitXMLReporter -->
<testsuite hostname="DESKTOP-LJ046SQ" ignored="0" name="Parameters" tests="3" failures="0" timestamp="18 Jun 2020 07:06:21 GMT" time="0.101" errors="0">
  <testcase name="Diff" time="0.024" classname="examples.ParametersClass"/>
  <testcase name="OP" time="0.003" classname="examples.ParametersClass"/>
  <testcase name="Sum" time="0.006" classname="examples.ParametersClass"/>
</testsuite> <!-- Parameters -->
