<?xml version="1.0" encoding="UTF-8"?>
<!-- Generated by org.testng.reporters.JUnitXMLReporter -->
<testsuite hostname="DESKTOP-LJ046SQ" ignored="0" name="Test" tests="4" failures="0" timestamp="18 Jun 2020 06:33:07 GMT" time="0.116" errors="0">
  <testcase name="OpenBrowser" time="0.04" classname="examples.DependsOnGroups"/>
  <testcase name="LogIn" time="0.002" classname="examples.DependsOnGroups"/>
  <testcase name="ViewAcc" time="0.003" classname="examples.DependsOnGroups"/>
  <testcase name="CloseAccount" time="0.003" classname="examples.DependsOnGroups"/>
</testsuite> <!-- Test -->
