<?xml version="1.0" encoding="UTF-8"?>
<!-- Generated by org.testng.reporters.JUnitXMLReporter -->
<testsuite hostname="DESKTOP-LJ046SQ" ignored="0" name="Default test" tests="5" failures="0" timestamp="17 Jun 2020 22:03:20 GMT" time="0.094" errors="0">
  <testcase name="c_method" time="0.011" classname="examples.NewTest"/>
  <testcase name="d_method" time="0.002" classname="examples.NewTest"/>
  <testcase name="testCase1" time="0.003" classname="examples.NewTest"/>
  <testcase name="a_method" time="0.003" classname="examples.NewTest"/>
  <testcase name="b_method" time="0.002" classname="examples.NewTest"/>
</testsuite> <!-- Default test -->
